TN:
SF:app.js
FN:20,(anonymous_0)
FN:32,oo_cm
FNF:2
FNH:2
FNDA:1,(anonymous_0)
FNDA:1,oo_cm
DA:2,1
DA:3,1
DA:6,1
DA:7,1
DA:10,1
DA:11,1
DA:14,1
DA:17,1
DA:20,1
DA:21,1
DA:25,1
DA:32,1
LF:12
LH:12
BRDA:32,0,0,1
BRDA:32,0,1,1
BRF:2
BRH:2
end_of_record
TN:
SF:config\config.js
FN:20,(anonymous_0)
FN:23,(anonymous_1)
FN:32,oo_cm
FNF:3
FNH:2
FNDA:2,(anonymous_0)
FNDA:0,(anonymous_1)
FNDA:2,oo_cm
DA:2,2
DA:3,2
DA:6,2
DA:7,2
DA:8,2
DA:16,2
DA:21,2
DA:23,0
DA:25,2
DA:32,2
LF:10
LH:9
BRDA:6,0,0,2
BRDA:6,0,1,0
BRDA:7,1,0,2
BRDA:7,1,1,0
BRDA:32,2,0,2
BRDA:32,2,1,0
BRF:6
BRH:3
end_of_record
TN:
SF:src\api\api-routes.js
FNF:0
FNH:0
DA:2,1
DA:5,1
DA:8,1
DA:11,1
DA:13,1
LF:5
LH:5
BRF:0
BRH:0
end_of_record
TN:
SF:src\api\resources\books\books.controller.js
FN:5,(anonymous_0)
FN:18,(anonymous_1)
FN:37,(anonymous_2)
FN:56,(anonymous_3)
FN:81,(anonymous_4)
FNF:5
FNH:4
FNDA:1,(anonymous_0)
FNDA:3,(anonymous_1)
FNDA:0,(anonymous_2)
FNDA:1,(anonymous_3)
FNDA:1,(anonymous_4)
DA:2,1
DA:5,1
DA:6,1
DA:7,1
DA:8,1
DA:13,0
DA:18,1
DA:19,3
DA:20,3
DA:21,3
DA:23,2
DA:24,1
DA:27,1
DA:32,1
DA:37,1
DA:38,0
DA:39,0
DA:40,0
DA:41,0
DA:45,0
DA:46,0
DA:51,0
DA:56,1
DA:57,1
DA:58,1
DA:59,1
DA:61,1
DA:62,0
DA:65,1
DA:66,1
DA:71,1
DA:76,0
DA:81,1
DA:82,1
DA:83,1
DA:84,1
DA:86,1
DA:87,0
DA:89,1
DA:90,1
DA:94,0
DA:98,1
LF:42
LH:30
BRDA:23,0,0,1
BRDA:23,0,1,1
BRDA:40,1,0,0
BRDA:40,1,1,0
BRDA:61,2,0,0
BRDA:61,2,1,1
BRDA:86,3,0,0
BRDA:86,3,1,1
BRF:8
BRH:4
end_of_record
TN:
SF:src\api\resources\books\books.model.js
FNF:0
FNH:0
DA:2,2
DA:4,2
DA:7,2
DA:19,2
LF:4
LH:4
BRF:0
BRH:0
end_of_record
TN:
SF:src\api\resources\books\books.router.js
FNF:0
FNH:0
DA:2,1
DA:5,1
DA:8,1
DA:11,1
DA:16,1
DA:22,1
LF:6
LH:6
BRF:0
BRH:0
end_of_record
TN:
SF:src\api\resources\books\books.service.js
FN:4,(anonymous_0)
FN:14,(anonymous_1)
FN:31,(anonymous_2)
FN:41,(anonymous_3)
FN:51,(anonymous_4)
FN:73,oo_cm
FNF:6
FNH:5
FNDA:3,(anonymous_0)
FNDA:5,(anonymous_1)
FNDA:0,(anonymous_2)
FNDA:1,(anonymous_3)
FNDA:1,(anonymous_4)
FNDA:2,oo_cm
DA:1,2
DA:4,2
DA:5,3
DA:6,3
DA:8,0
DA:9,0
DA:14,2
DA:15,5
DA:16,5
DA:17,0
DA:19,5
DA:20,4
DA:21,1
DA:23,4
DA:25,1
DA:26,1
DA:31,2
DA:32,0
DA:33,0
DA:35,0
DA:36,0
DA:41,2
DA:42,1
DA:43,1
DA:45,0
DA:46,0
DA:51,2
DA:52,1
DA:53,1
DA:55,0
DA:56,0
DA:60,2
DA:73,2
LF:33
LH:22
BRDA:16,0,0,0
BRDA:16,0,1,5
BRDA:20,1,0,1
BRDA:20,1,1,3
BRDA:73,2,0,2
BRDA:73,2,1,0
BRF:6
BRH:4
end_of_record
