TN:
SF:app.js
FN:20,(anonymous_0)
FN:32,oo_cm
FNF:2
FNH:2
FNDA:2,(anonymous_0)
FNDA:2,oo_cm
DA:2,2
DA:3,2
DA:6,2
DA:7,2
DA:10,2
DA:11,2
DA:14,2
DA:17,2
DA:20,2
DA:21,2
DA:25,2
DA:32,2
LF:12
LH:12
BRDA:32,0,0,2
BRDA:32,0,1,2
BRF:2
BRH:2
end_of_record
TN:
SF:config\config.js
FN:20,(anonymous_0)
FN:23,(anonymous_1)
FN:32,oo_cm
FNF:3
FNH:2
FNDA:3,(anonymous_0)
FNDA:0,(anonymous_1)
FNDA:3,oo_cm
DA:2,3
DA:3,3
DA:6,3
DA:7,3
DA:8,3
DA:16,3
DA:21,3
DA:23,0
DA:25,3
DA:32,3
LF:10
LH:9
BRDA:6,0,0,3
BRDA:6,0,1,0
BRDA:7,1,0,3
BRDA:7,1,1,0
BRDA:32,2,0,3
BRDA:32,2,1,0
BRF:6
BRH:3
end_of_record
TN:
SF:src\api\api-routes.js
FNF:0
FNH:0
DA:2,2
DA:5,2
DA:6,2
DA:9,2
DA:12,2
DA:13,2
DA:15,2
LF:7
LH:7
BRF:0
BRH:0
end_of_record
TN:
SF:src\api\resources\auth\auth.controller.js
FN:3,(anonymous_0)
FN:26,(anonymous_1)
FNF:2
FNH:1
FNDA:1,(anonymous_0)
FNDA:0,(anonymous_1)
DA:1,2
DA:3,2
DA:4,1
DA:5,1
DA:6,1
DA:7,0
DA:12,1
DA:14,1
DA:19,0
DA:20,0
DA:22,0
DA:26,2
DA:27,0
DA:28,0
DA:29,0
DA:30,0
DA:35,0
DA:37,0
DA:42,0
DA:43,0
DA:45,0
DA:49,2
LF:22
LH:9
BRDA:6,0,0,0
BRDA:6,0,1,1
BRDA:6,1,0,1
BRDA:6,1,1,1
BRDA:6,1,2,1
BRDA:19,2,0,0
BRDA:19,2,1,0
BRDA:29,3,0,0
BRDA:29,3,1,0
BRDA:29,4,0,0
BRDA:29,4,1,0
BRDA:42,5,0,0
BRDA:42,5,1,0
BRF:13
BRH:4
end_of_record
TN:
SF:src\api\resources\auth\auth.model.js
FNF:0
FNH:0
DA:1,2
DA:3,2
DA:6,2
DA:22,2
LF:4
LH:4
BRF:0
BRH:0
end_of_record
TN:
SF:src\api\resources\auth\auth.router.js
FNF:0
FNH:0
DA:1,2
DA:3,2
DA:5,2
DA:7,2
DA:8,2
DA:10,2
LF:6
LH:6
BRF:0
BRH:0
end_of_record
TN:
SF:src\api\resources\auth\auth.service.js
FN:6,(anonymous_0)
FN:21,(anonymous_1)
FN:43,(anonymous_2)
FNF:3
FNH:1
FNDA:1,(anonymous_0)
FNDA:0,(anonymous_1)
FNDA:0,(anonymous_2)
DA:1,2
DA:2,2
DA:3,2
DA:7,1
DA:9,1
DA:10,1
DA:11,0
DA:14,1
DA:15,1
DA:16,1
DA:18,1
DA:22,0
DA:24,0
DA:25,0
DA:26,0
DA:29,0
DA:30,0
DA:31,0
DA:34,0
DA:40,0
DA:44,0
DA:45,0
DA:46,0
DA:47,0
DA:49,0
DA:54,2
LF:26
LH:11
BRDA:10,0,0,0
BRDA:10,0,1,1
BRDA:25,1,0,0
BRDA:25,1,1,0
BRDA:30,2,0,0
BRDA:30,2,1,0
BRF:6
BRH:1
end_of_record
TN:
SF:src\api\resources\books\books.controller.js
FN:5,(anonymous_0)
FN:18,(anonymous_1)
FN:37,(anonymous_2)
FN:56,(anonymous_3)
FN:81,(anonymous_4)
FNF:5
FNH:4
FNDA:1,(anonymous_0)
FNDA:3,(anonymous_1)
FNDA:0,(anonymous_2)
FNDA:1,(anonymous_3)
FNDA:1,(anonymous_4)
DA:2,2
DA:5,2
DA:6,1
DA:7,1
DA:8,1
DA:13,0
DA:18,2
DA:19,3
DA:20,3
DA:21,3
DA:23,2
DA:24,1
DA:27,1
DA:32,1
DA:37,2
DA:38,0
DA:39,0
DA:40,0
DA:41,0
DA:45,0
DA:46,0
DA:51,0
DA:56,2
DA:57,1
DA:58,1
DA:59,1
DA:61,1
DA:62,0
DA:65,1
DA:66,1
DA:71,1
DA:76,0
DA:81,2
DA:82,1
DA:83,1
DA:84,1
DA:86,1
DA:87,0
DA:89,1
DA:90,1
DA:94,0
DA:98,2
LF:42
LH:30
BRDA:23,0,0,1
BRDA:23,0,1,1
BRDA:40,1,0,0
BRDA:40,1,1,0
BRDA:61,2,0,0
BRDA:61,2,1,1
BRDA:86,3,0,0
BRDA:86,3,1,1
BRF:8
BRH:4
end_of_record
TN:
SF:src\api\resources\books\books.model.js
FNF:0
FNH:0
DA:2,3
DA:4,3
DA:7,3
DA:19,3
LF:4
LH:4
BRF:0
BRH:0
end_of_record
TN:
SF:src\api\resources\books\books.router.js
FNF:0
FNH:0
DA:2,2
DA:5,2
DA:8,2
DA:11,2
DA:16,2
DA:22,2
LF:6
LH:6
BRF:0
BRH:0
end_of_record
TN:
SF:src\api\resources\books\books.service.js
FN:4,(anonymous_0)
FN:14,(anonymous_1)
FN:31,(anonymous_2)
FN:41,(anonymous_3)
FN:51,(anonymous_4)
FN:73,oo_cm
FNF:6
FNH:5
FNDA:3,(anonymous_0)
FNDA:5,(anonymous_1)
FNDA:0,(anonymous_2)
FNDA:1,(anonymous_3)
FNDA:1,(anonymous_4)
FNDA:2,oo_cm
DA:1,3
DA:4,3
DA:5,3
DA:6,3
DA:8,0
DA:9,0
DA:14,3
DA:15,5
DA:16,5
DA:17,0
DA:19,5
DA:20,4
DA:21,1
DA:23,4
DA:25,1
DA:26,1
DA:31,3
DA:32,0
DA:33,0
DA:35,0
DA:36,0
DA:41,3
DA:42,1
DA:43,1
DA:45,0
DA:46,0
DA:51,3
DA:52,1
DA:53,1
DA:55,0
DA:56,0
DA:60,3
DA:73,2
LF:33
LH:22
BRDA:16,0,0,0
BRDA:16,0,1,5
BRDA:20,1,0,1
BRDA:20,1,1,3
BRDA:73,2,0,2
BRDA:73,2,1,0
BRF:6
BRH:4
end_of_record
